[2023-05-08 12:12:58] codecanyon.ERROR: Failed to authenticate on SMTP server with username "contact@plan-a.eu.org" using the following authenticators: "LOGIN", "XOAUTH2". Authenticator "LOGIN" returned "Expected response code "235" but got code "535", with message "535 5.7.139 Authentication unsuccessful, the request did not meet the criteria to be authenticated successfully. Contact your administrator. [MR1P264CA0217.FRAP264.PROD.OUTLOOK.COM 2023-05-08T12:12:40.039Z 08DB4EEC44BCD789]".". Authenticator "XOAUTH2" returned "Expected response code "235" but got code "535", with message "535 5.7.3 Authentication unsuccessful [MR1P264CA0217.FRAP264.PROD.OUTLOOK.COM 2023-05-08T12:12:52.396Z 08DB4EEC44BCD789]".". {"userId":1,"exception":"[object] (Symfony\\Component\\Mailer\\Exception\\TransportException(code: 535): Failed to authenticate on SMTP server with username \"contact@plan-a.eu.org\" using the following authenticators: \"LOGIN\", \"XOAUTH2\". Authenticator \"LOGIN\" returned \"Expected response code \"235\" but got code \"535\", with message \"535 5.7.139 Authentication unsuccessful, the request did not meet the criteria to be authenticated successfully. Contact your administrator. [MR1P264CA0217.FRAP264.PROD.OUTLOOK.COM 2023-05-08T12:12:40.039Z 08DB4EEC44BCD789]\".\". Authenticator \"XOAUTH2\" returned \"Expected response code \"235\" but got code \"535\", with message \"535 5.7.3 Authentication unsuccessful [MR1P264CA0217.FRAP264.PROD.OUTLOOK.COM 2023-05-08T12:12:52.396Z 08DB4EEC44BCD789]\".\". at C:\\laragon\\www\\worksuite\\vendor\\symfony\\mailer\\Transport\\Smtp\\EsmtpTransport.php:212)
[stacktrace]
#0 C:\\laragon\\www\\worksuite\\vendor\\symfony\\mailer\\Transport\\Smtp\\EsmtpTransport.php(148): Symfony\\Component\\Mailer\\Transport\\Smtp\\EsmtpTransport->handleAuth(Array)
#1 C:\\laragon\\www\\worksuite\\vendor\\symfony\\mailer\\Transport\\Smtp\\EsmtpTransport.php(105): Symfony\\Component\\Mailer\\Transport\\Smtp\\EsmtpTransport->doEhloCommand()
#2 C:\\laragon\\www\\worksuite\\vendor\\symfony\\mailer\\Transport\\Smtp\\SmtpTransport.php(254): Symfony\\Component\\Mailer\\Transport\\Smtp\\EsmtpTransport->executeCommand('HELO [127.0.0.1...', Array)
#3 C:\\laragon\\www\\worksuite\\vendor\\symfony\\mailer\\Transport\\Smtp\\SmtpTransport.php(277): Symfony\\Component\\Mailer\\Transport\\Smtp\\SmtpTransport->doHeloCommand()
#4 C:\\laragon\\www\\worksuite\\vendor\\symfony\\mailer\\Transport\\Smtp\\SmtpTransport.php(213): Symfony\\Component\\Mailer\\Transport\\Smtp\\SmtpTransport->start()
#5 C:\\laragon\\www\\worksuite\\vendor\\symfony\\mailer\\Transport\\AbstractTransport.php(69): Symfony\\Component\\Mailer\\Transport\\Smtp\\SmtpTransport->doSend(Object(Symfony\\Component\\Mailer\\SentMessage))
#6 C:\\laragon\\www\\worksuite\\vendor\\symfony\\mailer\\Transport\\Smtp\\SmtpTransport.php(137): Symfony\\Component\\Mailer\\Transport\\AbstractTransport->send(Object(Symfony\\Component\\Mime\\Email), Object(Symfony\\Component\\Mailer\\DelayedEnvelope))
#7 C:\\laragon\\www\\worksuite\\vendor\\laravel\\framework\\src\\Illuminate\\Mail\\Mailer.php(539): Symfony\\Component\\Mailer\\Transport\\Smtp\\SmtpTransport->send(Object(Symfony\\Component\\Mime\\Email), Object(Symfony\\Component\\Mailer\\DelayedEnvelope))
#8 C:\\laragon\\www\\worksuite\\vendor\\laravel\\framework\\src\\Illuminate\\Mail\\Mailer.php(303): Illuminate\\Mail\\Mailer->sendSymfonyMessage(Object(Symfony\\Component\\Mime\\Email))
#9 C:\\laragon\\www\\worksuite\\vendor\\laravel\\framework\\src\\Illuminate\\Notifications\\Channels\\MailChannel.php(67): Illuminate\\Mail\\Mailer->send(Object(Illuminate\\Support\\HtmlString), Array, Object(Closure))
#10 C:\\laragon\\www\\worksuite\\vendor\\laravel\\framework\\src\\Illuminate\\Notifications\\NotificationSender.php(148): Illuminate\\Notifications\\Channels\\MailChannel->send(Object(App\\Models\\User), Object(App\\Notifications\\SuperAdmin\\NewCompanyRegister))
#11 C:\\laragon\\www\\worksuite\\vendor\\laravel\\framework\\src\\Illuminate\\Notifications\\NotificationSender.php(106): Illuminate\\Notifications\\NotificationSender->sendToNotifiable(Object(App\\Models\\User), '9d3e2587-48a3-4...', Object(App\\Notifications\\SuperAdmin\\NewCompanyRegister), 'mail')
#12 C:\\laragon\\www\\worksuite\\vendor\\laravel\\framework\\src\\Illuminate\\Support\\Traits\\Localizable.php(19): Illuminate\\Notifications\\NotificationSender->Illuminate\\Notifications\\{closure}()
#13 C:\\laragon\\www\\worksuite\\vendor\\laravel\\framework\\src\\Illuminate\\Notifications\\NotificationSender.php(109): Illuminate\\Notifications\\NotificationSender->withLocale(NULL, Object(Closure))
#14 C:\\laragon\\www\\worksuite\\vendor\\laravel\\framework\\src\\Illuminate\\Notifications\\ChannelManager.php(54): Illuminate\\Notifications\\NotificationSender->sendNow(Object(Illuminate\\Database\\Eloquent\\Collection), Object(App\\Notifications\\SuperAdmin\\NewCompanyRegister), Array)
#15 C:\\laragon\\www\\worksuite\\vendor\\laravel\\framework\\src\\Illuminate\\Notifications\\SendQueuedNotifications.php(112): Illuminate\\Notifications\\ChannelManager->sendNow(Object(Illuminate\\Database\\Eloquent\\Collection), Object(App\\Notifications\\SuperAdmin\\NewCompanyRegister), Array)
#16 C:\\laragon\\www\\worksuite\\vendor\\laravel\\framework\\src\\Illuminate\\Container\\BoundMethod.php(36): Illuminate\\Notifications\\SendQueuedNotifications->handle(Object(Illuminate\\Notifications\\ChannelManager))
#17 C:\\laragon\\www\\worksuite\\vendor\\laravel\\framework\\src\\Illuminate\\Container\\Util.php(41): Illuminate\\Container\\BoundMethod::Illuminate\\Container\\{closure}()
#18 C:\\laragon\\www\\worksuite\\vendor\\laravel\\framework\\src\\Illuminate\\Container\\BoundMethod.php(93): Illuminate\\Container\\Util::unwrapIfClosure(Object(Closure))
#19 C:\\laragon\\www\\worksuite\\vendor\\laravel\\framework\\src\\Illuminate\\Container\\BoundMethod.php(37): Illuminate\\Container\\BoundMethod::callBoundMethod(Object(Illuminate\\Foundation\\Application), Array, Object(Closure))
#20 C:\\laragon\\www\\worksuite\\vendor\\laravel\\framework\\src\\Illuminate\\Container\\Container.php(662): Illuminate\\Container\\BoundMethod::call(Object(Illuminate\\Foundation\\Application), Array, Array, NULL)
#21 C:\\laragon\\www\\worksuite\\vendor\\laravel\\framework\\src\\Illuminate\\Bus\\Dispatcher.php(128): Illuminate\\Container\\Container->call(Array)
#22 C:\\laragon\\www\\worksuite\\vendor\\laravel\\framework\\src\\Illuminate\\Pipeline\\Pipeline.php(141): Illuminate\\Bus\\Dispatcher->Illuminate\\Bus\\{closure}(Object(Illuminate\\Notifications\\SendQueuedNotifications))
#23 C:\\laragon\\www\\worksuite\\vendor\\laravel\\framework\\src\\Illuminate\\Pipeline\\Pipeline.php(116): Illuminate\\Pipeline\\Pipeline->Illuminate\\Pipeline\\{closure}(Object(Illuminate\\Notifications\\SendQueuedNotifications))
#24 C:\\laragon\\www\\worksuite\\vendor\\laravel\\framework\\src\\Illuminate\\Bus\\Dispatcher.php(132): Illuminate\\Pipeline\\Pipeline->then(Object(Closure))
#25 C:\\laragon\\www\\worksuite\\vendor\\laravel\\framework\\src\\Illuminate\\Queue\\CallQueuedHandler.php(124): Illuminate\\Bus\\Dispatcher->dispatchNow(Object(Illuminate\\Notifications\\SendQueuedNotifications), false)
#26 C:\\laragon\\www\\worksuite\\vendor\\laravel\\framework\\src\\Illuminate\\Pipeline\\Pipeline.php(141): Illuminate\\Queue\\CallQueuedHandler->Illuminate\\Queue\\{closure}(Object(Illuminate\\Notifications\\SendQueuedNotifications))
#27 C:\\laragon\\www\\worksuite\\vendor\\laravel\\framework\\src\\Illuminate\\Pipeline\\Pipeline.php(116): Illuminate\\Pipeline\\Pipeline->Illuminate\\Pipeline\\{closure}(Object(Illuminate\\Notifications\\SendQueuedNotifications))
#28 C:\\laragon\\www\\worksuite\\vendor\\laravel\\framework\\src\\Illuminate\\Queue\\CallQueuedHandler.php(126): Illuminate\\Pipeline\\Pipeline->then(Object(Closure))
#29 C:\\laragon\\www\\worksuite\\vendor\\laravel\\framework\\src\\Illuminate\\Queue\\CallQueuedHandler.php(70): Illuminate\\Queue\\CallQueuedHandler->dispatchThroughMiddleware(Object(Illuminate\\Queue\\Jobs\\SyncJob), Object(Illuminate\\Notifications\\SendQueuedNotifications))
#30 C:\\laragon\\www\\worksuite\\vendor\\laravel\\framework\\src\\Illuminate\\Queue\\Jobs\\Job.php(98): Illuminate\\Queue\\CallQueuedHandler->call(Object(Illuminate\\Queue\\Jobs\\SyncJob), Array)
#31 C:\\laragon\\www\\worksuite\\vendor\\laravel\\framework\\src\\Illuminate\\Queue\\SyncQueue.php(43): Illuminate\\Queue\\Jobs\\Job->fire()
#32 C:\\laragon\\www\\worksuite\\vendor\\laravel\\framework\\src\\Illuminate\\Bus\\Dispatcher.php(253): Illuminate\\Queue\\SyncQueue->push(Object(Illuminate\\Notifications\\SendQueuedNotifications))
#33 C:\\laragon\\www\\worksuite\\vendor\\laravel\\framework\\src\\Illuminate\\Bus\\Dispatcher.php(229): Illuminate\\Bus\\Dispatcher->pushCommandToQueue(Object(Illuminate\\Queue\\SyncQueue), Object(Illuminate\\Notifications\\SendQueuedNotifications))
#34 C:\\laragon\\www\\worksuite\\vendor\\laravel\\framework\\src\\Illuminate\\Bus\\Dispatcher.php(77): Illuminate\\Bus\\Dispatcher->dispatchToQueue(Object(Illuminate\\Notifications\\SendQueuedNotifications))
#35 C:\\laragon\\www\\worksuite\\vendor\\laravel\\framework\\src\\Illuminate\\Notifications\\NotificationSender.php(234): Illuminate\\Bus\\Dispatcher->dispatch(Object(Illuminate\\Notifications\\SendQueuedNotifications))
#36 C:\\laragon\\www\\worksuite\\vendor\\laravel\\framework\\src\\Illuminate\\Notifications\\NotificationSender.php(76): Illuminate\\Notifications\\NotificationSender->queueNotification(Object(Illuminate\\Database\\Eloquent\\Collection), Object(App\\Notifications\\SuperAdmin\\NewCompanyRegister))
#37 C:\\laragon\\www\\worksuite\\vendor\\laravel\\framework\\src\\Illuminate\\Notifications\\ChannelManager.php(39): Illuminate\\Notifications\\NotificationSender->send(Object(Illuminate\\Database\\Eloquent\\Collection), Object(App\\Notifications\\SuperAdmin\\NewCompanyRegister))
#38 C:\\laragon\\www\\worksuite\\vendor\\laravel\\framework\\src\\Illuminate\\Support\\Facades\\Facade.php(353): Illuminate\\Notifications\\ChannelManager->send(Object(Illuminate\\Database\\Eloquent\\Collection), Object(App\\Notifications\\SuperAdmin\\NewCompanyRegister))
#39 C:\\laragon\\www\\worksuite\\app\\Listeners\\SuperAdmin\\CompanyRegisteredListener.php(31): Illuminate\\Support\\Facades\\Facade::__callStatic('send', Array)
#40 C:\\laragon\\www\\worksuite\\vendor\\laravel\\framework\\src\\Illuminate\\Events\\Dispatcher.php(441): App\\Listeners\\SuperAdmin\\CompanyRegisteredListener->handle(Object(App\\Events\\NewCompanyCreatedEvent))
#41 C:\\laragon\\www\\worksuite\\vendor\\laravel\\framework\\src\\Illuminate\\Events\\Dispatcher.php(249): Illuminate\\Events\\Dispatcher->Illuminate\\Events\\{closure}('App\\\\Events\\\\NewC...', Array)
#42 C:\\laragon\\www\\worksuite\\vendor\\laravel\\framework\\src\\Illuminate\\Foundation\\helpers.php(435): Illuminate\\Events\\Dispatcher->dispatch('App\\\\Events\\\\NewC...')
#43 C:\\laragon\\www\\worksuite\\app\\Observers\\CompanyObserver.php(177): event(Object(App\\Events\\NewCompanyCreatedEvent))
#44 C:\\laragon\\www\\worksuite\\vendor\\laravel\\framework\\src\\Illuminate\\Events\\Dispatcher.php(441): App\\Observers\\CompanyObserver->created(Object(App\\Models\\Company))
#45 C:\\laragon\\www\\worksuite\\vendor\\laravel\\framework\\src\\Illuminate\\Events\\Dispatcher.php(249): Illuminate\\Events\\Dispatcher->Illuminate\\Events\\{closure}('eloquent.create...', Array)
#46 C:\\laragon\\www\\worksuite\\vendor\\laravel\\framework\\src\\Illuminate\\Database\\Eloquent\\Concerns\\HasEvents.php(189): Illuminate\\Events\\Dispatcher->dispatch('eloquent.create...', Array)
#47 C:\\laragon\\www\\worksuite\\vendor\\laravel\\framework\\src\\Illuminate\\Database\\Eloquent\\Model.php(1321): Illuminate\\Database\\Eloquent\\Model->fireModelEvent('created', false)
#48 C:\\laragon\\www\\worksuite\\vendor\\laravel\\framework\\src\\Illuminate\\Database\\Eloquent\\Model.php(1139): Illuminate\\Database\\Eloquent\\Model->performInsert(Object(Illuminate\\Database\\Eloquent\\Builder))
#49 C:\\laragon\\www\\worksuite\\vendor\\froiden\\laravel-rest-api\\src\\ApiModel.php(317): Illuminate\\Database\\Eloquent\\Model->save(Array)
#50 C:\\laragon\\www\\worksuite\\app\\Http\\Controllers\\SuperAdmin\\CompanyController.php(172): Froiden\\RestAPI\\ApiModel->save()
#51 C:\\laragon\\www\\worksuite\\app\\Http\\Controllers\\SuperAdmin\\CompanyController.php(104): App\\Http\\Controllers\\SuperAdmin\\CompanyController->storeAndUpdate(Object(App\\Models\\Company), Object(App\\Http\\Requests\\SuperAdmin\\Company\\StoreRequest))
#52 C:\\laragon\\www\\worksuite\\vendor\\laravel\\framework\\src\\Illuminate\\Routing\\Controller.php(54): App\\Http\\Controllers\\SuperAdmin\\CompanyController->store(Object(App\\Http\\Requests\\SuperAdmin\\Company\\StoreRequest))
#53 C:\\laragon\\www\\worksuite\\vendor\\laravel\\framework\\src\\Illuminate\\Routing\\ControllerDispatcher.php(43): Illuminate\\Routing\\Controller->callAction('store', Array)
#54 C:\\laragon\\www\\worksuite\\vendor\\laravel\\framework\\src\\Illuminate\\Routing\\Route.php(260): Illuminate\\Routing\\ControllerDispatcher->dispatch(Object(Illuminate\\Routing\\Route), Object(App\\Http\\Controllers\\SuperAdmin\\CompanyController), 'store')
#55 C:\\laragon\\www\\worksuite\\vendor\\laravel\\framework\\src\\Illuminate\\Routing\\Route.php(205): Illuminate\\Routing\\Route->runController()
#56 C:\\laragon\\www\\worksuite\\vendor\\laravel\\framework\\src\\Illuminate\\Routing\\Router.php(798): Illuminate\\Routing\\Route->run()
#57 C:\\laragon\\www\\worksuite\\vendor\\laravel\\framework\\src\\Illuminate\\Pipeline\\Pipeline.php(141): Illuminate\\Routing\\Router->Illuminate\\Routing\\{closure}(Object(Illuminate\\Http\\Request))
#58 C:\\laragon\\www\\worksuite\\app\\Http\\Controllers\\AccountBaseController.php(47): Illuminate\\Pipeline\\Pipeline->Illuminate\\Pipeline\\{closure}(Object(Illuminate\\Http\\Request))
#59 C:\\laragon\\www\\worksuite\\vendor\\laravel\\framework\\src\\Illuminate\\Pipeline\\Pipeline.php(162): App\\Http\\Controllers\\AccountBaseController->App\\Http\\Controllers\\{closure}(Object(Illuminate\\Http\\Request), Object(Closure))
#60 C:\\laragon\\www\\worksuite\\app\\Http\\Controllers\\Controller.php(93): Illuminate\\Pipeline\\Pipeline->Illuminate\\Pipeline\\{closure}(Object(Illuminate\\Http\\Request))
#61 C:\\laragon\\www\\worksuite\\vendor\\laravel\\framework\\src\\Illuminate\\Pipeline\\Pipeline.php(162): App\\Http\\Controllers\\Controller->App\\Http\\Controllers\\{closure}(Object(Illuminate\\Http\\Request), Object(Closure))
#62 C:\\laragon\\www\\worksuite\\app\\Http\\Middleware\\SuperAdmin.php(23): Illuminate\\Pipeline\\Pipeline->Illuminate\\Pipeline\\{closure}(Object(Illuminate\\Http\\Request))
#63 C:\\laragon\\www\\worksuite\\vendor\\laravel\\framework\\src\\Illuminate\\Pipeline\\Pipeline.php(180): App\\Http\\Middleware\\SuperAdmin->handle(Object(Illuminate\\Http\\Request), Object(Closure))
#64 C:\\laragon\\www\\worksuite\\vendor\\laravel\\framework\\src\\Illuminate\\Routing\\Middleware\\SubstituteBindings.php(50): Illuminate\\Pipeline\\Pipeline->Illuminate\\Pipeline\\{closure}(Object(Illuminate\\Http\\Request))
#65 C:\\laragon\\www\\worksuite\\vendor\\laravel\\framework\\src\\Illuminate\\Pipeline\\Pipeline.php(180): Illuminate\\Routing\\Middleware\\SubstituteBindings->handle(Object(Illuminate\\Http\\Request), Object(Closure))
#66 C:\\laragon\\www\\worksuite\\vendor\\laravel\\framework\\src\\Illuminate\\Auth\\Middleware\\Authenticate.php(45): Illuminate\\Pipeline\\Pipeline->Illuminate\\Pipeline\\{closure}(Object(Illuminate\\Http\\Request))
#67 C:\\laragon\\www\\worksuite\\vendor\\laravel\\framework\\src\\Illuminate\\Pipeline\\Pipeline.php(180): Illuminate\\Auth\\Middleware\\Authenticate->handle(Object(Illuminate\\Http\\Request), Object(Closure))
#68 C:\\laragon\\www\\worksuite\\vendor\\laravel\\framework\\src\\Illuminate\\Foundation\\Http\\Middleware\\VerifyCsrfToken.php(78): Illuminate\\Pipeline\\Pipeline->Illuminate\\Pipeline\\{closure}(Object(Illuminate\\Http\\Request))
#69 C:\\laragon\\www\\worksuite\\vendor\\laravel\\framework\\src\\Illuminate\\Pipeline\\Pipeline.php(180): Illuminate\\Foundation\\Http\\Middleware\\VerifyCsrfToken->handle(Object(Illuminate\\Http\\Request), Object(Closure))
#70 C:\\laragon\\www\\worksuite\\vendor\\laravel\\framework\\src\\Illuminate\\View\\Middleware\\ShareErrorsFromSession.php(49): Illuminate\\Pipeline\\Pipeline->Illuminate\\Pipeline\\{closure}(Object(Illuminate\\Http\\Request))
#71 C:\\laragon\\www\\worksuite\\vendor\\laravel\\framework\\src\\Illuminate\\Pipeline\\Pipeline.php(180): Illuminate\\View\\Middleware\\ShareErrorsFromSession->handle(Object(Illuminate\\Http\\Request), Object(Closure))
#72 C:\\laragon\\www\\worksuite\\vendor\\laravel\\framework\\src\\Illuminate\\Cookie\\Middleware\\EncryptCookies.php(67): Illuminate\\Pipeline\\Pipeline->Illuminate\\Pipeline\\{closure}(Object(Illuminate\\Http\\Request))
#73 C:\\laragon\\www\\worksuite\\vendor\\laravel\\framework\\src\\Illuminate\\Pipeline\\Pipeline.php(180): Illuminate\\Cookie\\Middleware\\EncryptCookies->handle(Object(Illuminate\\Http\\Request), Object(Closure))
#74 C:\\laragon\\www\\worksuite\\vendor\\laravel\\framework\\src\\Illuminate\\Session\\Middleware\\StartSession.php(121): Illuminate\\Pipeline\\Pipeline->Illuminate\\Pipeline\\{closure}(Object(Illuminate\\Http\\Request))
#75 C:\\laragon\\www\\worksuite\\vendor\\laravel\\framework\\src\\Illuminate\\Session\\Middleware\\StartSession.php(64): Illuminate\\Session\\Middleware\\StartSession->handleStatefulRequest(Object(Illuminate\\Http\\Request), Object(Illuminate\\Session\\Store), Object(Closure))
#76 C:\\laragon\\www\\worksuite\\vendor\\laravel\\framework\\src\\Illuminate\\Pipeline\\Pipeline.php(180): Illuminate\\Session\\Middleware\\StartSession->handle(Object(Illuminate\\Http\\Request), Object(Closure))
#77 C:\\laragon\\www\\worksuite\\vendor\\laravel\\framework\\src\\Illuminate\\Cookie\\Middleware\\AddQueuedCookiesToResponse.php(37): Illuminate\\Pipeline\\Pipeline->Illuminate\\Pipeline\\{closure}(Object(Illuminate\\Http\\Request))
#78 C:\\laragon\\www\\worksuite\\vendor\\laravel\\framework\\src\\Illuminate\\Pipeline\\Pipeline.php(180): Illuminate\\Cookie\\Middleware\\AddQueuedCookiesToResponse->handle(Object(Illuminate\\Http\\Request), Object(Closure))
#79 C:\\laragon\\www\\worksuite\\vendor\\laravel\\framework\\src\\Illuminate\\Pipeline\\Pipeline.php(116): Illuminate\\Pipeline\\Pipeline->Illuminate\\Pipeline\\{closure}(Object(Illuminate\\Http\\Request))
#80 C:\\laragon\\www\\worksuite\\vendor\\laravel\\framework\\src\\Illuminate\\Routing\\Router.php(799): Illuminate\\Pipeline\\Pipeline->then(Object(Closure))
#81 C:\\laragon\\www\\worksuite\\vendor\\laravel\\framework\\src\\Illuminate\\Routing\\Router.php(776): Illuminate\\Routing\\Router->runRouteWithinStack(Object(Illuminate\\Routing\\Route), Object(Illuminate\\Http\\Request))
#82 C:\\laragon\\www\\worksuite\\vendor\\laravel\\framework\\src\\Illuminate\\Routing\\Router.php(740): Illuminate\\Routing\\Router->runRoute(Object(Illuminate\\Http\\Request), Object(Illuminate\\Routing\\Route))
#83 C:\\laragon\\www\\worksuite\\vendor\\laravel\\framework\\src\\Illuminate\\Routing\\Router.php(729): Illuminate\\Routing\\Router->dispatchToRoute(Object(Illuminate\\Http\\Request))
#84 C:\\laragon\\www\\worksuite\\vendor\\laravel\\framework\\src\\Illuminate\\Foundation\\Http\\Kernel.php(200): Illuminate\\Routing\\Router->dispatch(Object(Illuminate\\Http\\Request))
#85 C:\\laragon\\www\\worksuite\\vendor\\laravel\\framework\\src\\Illuminate\\Pipeline\\Pipeline.php(141): Illuminate\\Foundation\\Http\\Kernel->Illuminate\\Foundation\\Http\\{closure}(Object(Illuminate\\Http\\Request))
#86 C:\\laragon\\www\\worksuite\\vendor\\barryvdh\\laravel-debugbar\\src\\Middleware\\InjectDebugbar.php(59): Illuminate\\Pipeline\\Pipeline->Illuminate\\Pipeline\\{closure}(Object(Illuminate\\Http\\Request))
#87 C:\\laragon\\www\\worksuite\\vendor\\laravel\\framework\\src\\Illuminate\\Pipeline\\Pipeline.php(180): Barryvdh\\Debugbar\\Middleware\\InjectDebugbar->handle(Object(Illuminate\\Http\\Request), Object(Closure))
#88 C:\\laragon\\www\\worksuite\\vendor\\laravel\\framework\\src\\Illuminate\\Http\\Middleware\\HandleCors.php(49): Illuminate\\Pipeline\\Pipeline->Illuminate\\Pipeline\\{closure}(Object(Illuminate\\Http\\Request))
#89 C:\\laragon\\www\\worksuite\\vendor\\laravel\\framework\\src\\Illuminate\\Pipeline\\Pipeline.php(180): Illuminate\\Http\\Middleware\\HandleCors->handle(Object(Illuminate\\Http\\Request), Object(Closure))
#90 C:\\laragon\\www\\worksuite\\vendor\\froiden\\envato\\src\\Middleware\\XSS.php(38): Illuminate\\Pipeline\\Pipeline->Illuminate\\Pipeline\\{closure}(Object(Illuminate\\Http\\Request))
#91 C:\\laragon\\www\\worksuite\\vendor\\laravel\\framework\\src\\Illuminate\\Pipeline\\Pipeline.php(180): Froiden\\Envato\\Middleware\\XSS->handle(Object(Illuminate\\Http\\Request), Object(Closure))
#92 C:\\laragon\\www\\worksuite\\vendor\\laravel\\framework\\src\\Illuminate\\Foundation\\Http\\Middleware\\TransformsRequest.php(21): Illuminate\\Pipeline\\Pipeline->Illuminate\\Pipeline\\{closure}(Object(Illuminate\\Http\\Request))
#93 C:\\laragon\\www\\worksuite\\vendor\\laravel\\framework\\src\\Illuminate\\Foundation\\Http\\Middleware\\ConvertEmptyStringsToNull.php(31): Illuminate\\Foundation\\Http\\Middleware\\TransformsRequest->handle(Object(Illuminate\\Http\\Request), Object(Closure))
#94 C:\\laragon\\www\\worksuite\\vendor\\laravel\\framework\\src\\Illuminate\\Pipeline\\Pipeline.php(180): Illuminate\\Foundation\\Http\\Middleware\\ConvertEmptyStringsToNull->handle(Object(Illuminate\\Http\\Request), Object(Closure))
#95 C:\\laragon\\www\\worksuite\\vendor\\laravel\\framework\\src\\Illuminate\\Foundation\\Http\\Middleware\\TransformsRequest.php(21): Illuminate\\Pipeline\\Pipeline->Illuminate\\Pipeline\\{closure}(Object(Illuminate\\Http\\Request))
#96 C:\\laragon\\www\\worksuite\\vendor\\laravel\\framework\\src\\Illuminate\\Foundation\\Http\\Middleware\\TrimStrings.php(40): Illuminate\\Foundation\\Http\\Middleware\\TransformsRequest->handle(Object(Illuminate\\Http\\Request), Object(Closure))
#97 C:\\laragon\\www\\worksuite\\vendor\\laravel\\framework\\src\\Illuminate\\Pipeline\\Pipeline.php(180): Illuminate\\Foundation\\Http\\Middleware\\TrimStrings->handle(Object(Illuminate\\Http\\Request), Object(Closure))
#98 C:\\laragon\\www\\worksuite\\vendor\\laravel\\framework\\src\\Illuminate\\Foundation\\Http\\Middleware\\ValidatePostSize.php(27): Illuminate\\Pipeline\\Pipeline->Illuminate\\Pipeline\\{closure}(Object(Illuminate\\Http\\Request))
#99 C:\\laragon\\www\\worksuite\\vendor\\laravel\\framework\\src\\Illuminate\\Pipeline\\Pipeline.php(180): Illuminate\\Foundation\\Http\\Middleware\\ValidatePostSize->handle(Object(Illuminate\\Http\\Request), Object(Closure))
#100 C:\\laragon\\www\\worksuite\\vendor\\laravel\\framework\\src\\Illuminate\\Foundation\\Http\\Middleware\\PreventRequestsDuringMaintenance.php(86): Illuminate\\Pipeline\\Pipeline->Illuminate\\Pipeline\\{closure}(Object(Illuminate\\Http\\Request))
#101 C:\\laragon\\www\\worksuite\\vendor\\laravel\\framework\\src\\Illuminate\\Pipeline\\Pipeline.php(180): Illuminate\\Foundation\\Http\\Middleware\\PreventRequestsDuringMaintenance->handle(Object(Illuminate\\Http\\Request), Object(Closure))
#102 C:\\laragon\\www\\worksuite\\vendor\\laravel\\framework\\src\\Illuminate\\Http\\Middleware\\TrustProxies.php(39): Illuminate\\Pipeline\\Pipeline->Illuminate\\Pipeline\\{closure}(Object(Illuminate\\Http\\Request))
#103 C:\\laragon\\www\\worksuite\\vendor\\laravel\\framework\\src\\Illuminate\\Pipeline\\Pipeline.php(180): Illuminate\\Http\\Middleware\\TrustProxies->handle(Object(Illuminate\\Http\\Request), Object(Closure))
#104 C:\\laragon\\www\\worksuite\\vendor\\laravel\\framework\\src\\Illuminate\\Pipeline\\Pipeline.php(116): Illuminate\\Pipeline\\Pipeline->Illuminate\\Pipeline\\{closure}(Object(Illuminate\\Http\\Request))
#105 C:\\laragon\\www\\worksuite\\vendor\\laravel\\framework\\src\\Illuminate\\Foundation\\Http\\Kernel.php(175): Illuminate\\Pipeline\\Pipeline->then(Object(Closure))
#106 C:\\laragon\\www\\worksuite\\vendor\\laravel\\framework\\src\\Illuminate\\Foundation\\Http\\Kernel.php(144): Illuminate\\Foundation\\Http\\Kernel->sendRequestThroughRouter(Object(Illuminate\\Http\\Request))
#107 C:\\laragon\\www\\worksuite\\public\\index.php(64): Illuminate\\Foundation\\Http\\Kernel->handle(Object(Illuminate\\Http\\Request))
#108 {main}
"} 
